<?xml version="1.0" encoding="UTF-8"?>
<!-- Generated by org.testng.reporters.JUnitReportReporter -->
<testsuite hostname="DESKTOP-KPVRKRG" failures="0" tests="21" name="OMSTest.OMSTest" time="11.481" errors="1" timestamp="2022-06-10T15:31:04 IST" skipped="12">
  <testcase classname="OMSTest.OMSTest" name="OMSLoginTest" time="0.313"/>
  <system-out/>
  <testcase classname="OMSTest.OMSTest" name="OMSFindOrdersDisplayTest" time="1.528"/>
  <system-out/>
  <testcase classname="OMSTest.OMSTest" name="OrderDisplayNameTest" time="0.083"/>
  <system-out/>
  <testcase classname="OMSTest.OMSTest" name="CustomerReferenceTest" time="0.103"/>
  <system-out/>
  <testcase classname="OMSTest.OMSTest" name="SearchAndExcelTest" time="1.327"/>
  <system-out/>
  <testcase classname="OMSTest.OMSTest" name="OrderEditTest" time="3.494"/>
  <system-out/>
  <testcase classname="OMSTest.OMSTest" name="OrderCancelAndRejectTest" time="2.694"/>
  <system-out/>
  <testcase classname="OMSTest.OMSTest" name="NavigateToSalesOrdersTest" time="0.246"/>
  <system-out/>
  <testcase classname="OMSTest.OMSTest" name="OMSSalesOrdersTest" time="1.693">
    <error message="element click intercepted: Element &lt;span _ngcontent-lxp-c121=&quot;&quot; tabindex=&quot;-1&quot; class=&quot;dropdown-btn&quot;&gt;...&lt;/span&gt; is not clickable at point (1283, 192). Other element would receive the click: &lt;div role=&quot;alertdialog&quot; aria-live=&quot;polite&quot; class=&quot;ng-tns-c124-3 toast-message ng-star-inserted&quot; aria-label=&quot;Status for order #11 changed&quot; style=&quot;&quot;&gt;...&lt;/div&gt;
  (Session info: chrome=102.0.5005.63)
Build info: version: &#039;3.141.59&#039;, revision: &#039;e82be7d358&#039;, time: &#039;2018-11-14T08:17:03&#039;
System info: host: &#039;DESKTOP-KPVRKRG&#039;, ip: &#039;192.168.1.4&#039;, os.name: &#039;Windows 10&#039;, os.arch: &#039;amd64&#039;, os.version: &#039;10.0&#039;, java.version: &#039;17.0.1&#039;
Driver info: org.openqa.selenium.chrome.ChromeDriver
Capabilities {acceptInsecureCerts: false, browserName: chrome, browserVersion: 102.0.5005.63, chrome: {chromedriverVersion: 102.0.5005.61 (0e59bcc00cc4..., userDataDir: C:\Users\asish\AppData\Loca...}, goog:chromeOptions: {debuggerAddress: localhost:54909}, javascriptEnabled: true, networkConnectionEnabled: false, pageLoadStrategy: normal, platform: WINDOWS, platformName: WINDOWS, proxy: Proxy(), setWindowRect: true, strictFileInteractability: false, timeouts: {implicit: 0, pageLoad: 300000, script: 30000}, unhandledPromptBehavior: dismiss and notify, webauthn:extension:credBlob: true, webauthn:extension:largeBlob: true, webauthn:virtualAuthenticators: true}
Session ID: 1315c9bacb6ba7a41d734c78e0a7ad15" type="org.openqa.selenium.ElementClickInterceptedException">
      <![CDATA[org.openqa.selenium.ElementClickInterceptedException: element click intercepted: Element <span _ngcontent-lxp-c121="" tabindex="-1" class="dropdown-btn">...</span> is not clickable at point (1283, 192). Other element would receive the click: <div role="alertdialog" aria-live="polite" class="ng-tns-c124-3 toast-message ng-star-inserted" aria-label="Status for order #11 changed" style="">...</div>
  (Session info: chrome=102.0.5005.63)
Build info: version: '3.141.59', revision: 'e82be7d358', time: '2018-11-14T08:17:03'
System info: host: 'DESKTOP-KPVRKRG', ip: '192.168.1.4', os.name: 'Windows 10', os.arch: 'amd64', os.version: '10.0', java.version: '17.0.1'
Driver info: org.openqa.selenium.chrome.ChromeDriver
Capabilities {acceptInsecureCerts: false, browserName: chrome, browserVersion: 102.0.5005.63, chrome: {chromedriverVersion: 102.0.5005.61 (0e59bcc00cc4..., userDataDir: C:\Users\asish\AppData\Loca...}, goog:chromeOptions: {debuggerAddress: localhost:54909}, javascriptEnabled: true, networkConnectionEnabled: false, pageLoadStrategy: normal, platform: WINDOWS, platformName: WINDOWS, proxy: Proxy(), setWindowRect: true, strictFileInteractability: false, timeouts: {implicit: 0, pageLoad: 300000, script: 30000}, unhandledPromptBehavior: dismiss and notify, webauthn:extension:credBlob: true, webauthn:extension:largeBlob: true, webauthn:virtualAuthenticators: true}
Session ID: 1315c9bacb6ba7a41d734c78e0a7ad15
at java.base/jdk.internal.reflect.NativeConstructorAccessorImpl.newInstance0(Native Method)
at java.base/jdk.internal.reflect.NativeConstructorAccessorImpl.newInstance(NativeConstructorAccessorImpl.java:77)
at java.base/jdk.internal.reflect.DelegatingConstructorAccessorImpl.newInstance(DelegatingConstructorAccessorImpl.java:45)
at java.base/java.lang.reflect.Constructor.newInstanceWithCaller(Constructor.java:499)
at java.base/java.lang.reflect.Constructor.newInstance(Constructor.java:480)
at org.openqa.selenium.remote.http.W3CHttpResponseCodec.createException(W3CHttpResponseCodec.java:187)
at org.openqa.selenium.remote.http.W3CHttpResponseCodec.decode(W3CHttpResponseCodec.java:122)
at org.openqa.selenium.remote.http.W3CHttpResponseCodec.decode(W3CHttpResponseCodec.java:49)
at org.openqa.selenium.remote.HttpCommandExecutor.execute(HttpCommandExecutor.java:158)
at org.openqa.selenium.remote.service.DriverCommandExecutor.execute(DriverCommandExecutor.java:83)
at org.openqa.selenium.remote.RemoteWebDriver.execute(RemoteWebDriver.java:552)
at org.openqa.selenium.remote.RemoteWebElement.execute(RemoteWebElement.java:285)
at org.openqa.selenium.remote.RemoteWebElement.click(RemoteWebElement.java:84)
at jdk.internal.reflect.GeneratedMethodAccessor29.invoke(Unknown Source)
at java.base/jdk.internal.reflect.DelegatingMethodAccessorImpl.invoke(DelegatingMethodAccessorImpl.java:43)
at java.base/java.lang.reflect.Method.invoke(Method.java:568)
at org.openqa.selenium.support.pagefactory.internal.LocatingElementHandler.invoke(LocatingElementHandler.java:51)
at jdk.proxy2/jdk.proxy2.$Proxy34.click(Unknown Source)
at OMSPages.OMSSalesOrdersPage.findOrders(OMSSalesOrdersPage.java:147)
at OMSTest.OMSTest.OMSSalesOrdersTest(OMSTest.java:138)
at java.base/jdk.internal.reflect.NativeMethodAccessorImpl.invoke0(Native Method)
at java.base/jdk.internal.reflect.NativeMethodAccessorImpl.invoke(NativeMethodAccessorImpl.java:77)
at java.base/jdk.internal.reflect.DelegatingMethodAccessorImpl.invoke(DelegatingMethodAccessorImpl.java:43)
at java.base/java.lang.reflect.Method.invoke(Method.java:568)
at org.testng.internal.MethodInvocationHelper.invokeMethod(MethodInvocationHelper.java:133)
at org.testng.internal.TestInvoker.invokeMethod(TestInvoker.java:598)
at org.testng.internal.TestInvoker.invokeTestMethod(TestInvoker.java:173)
at org.testng.internal.MethodRunner.runInSequence(MethodRunner.java:46)
at org.testng.internal.TestInvoker$MethodInvocationAgent.invoke(TestInvoker.java:824)
at org.testng.internal.TestInvoker.invokeTestMethods(TestInvoker.java:146)
at org.testng.internal.TestMethodWorker.invokeTestMethods(TestMethodWorker.java:146)
at org.testng.internal.TestMethodWorker.run(TestMethodWorker.java:128)
at java.base/java.util.ArrayList.forEach(ArrayList.java:1511)
at org.testng.TestRunner.privateRun(TestRunner.java:794)
at org.testng.TestRunner.run(TestRunner.java:596)
at org.testng.SuiteRunner.runTest(SuiteRunner.java:377)
at org.testng.SuiteRunner.runSequentially(SuiteRunner.java:371)
at org.testng.SuiteRunner.privateRun(SuiteRunner.java:332)
at org.testng.SuiteRunner.run(SuiteRunner.java:276)
at org.testng.SuiteRunnerWorker.runSuite(SuiteRunnerWorker.java:53)
at org.testng.SuiteRunnerWorker.run(SuiteRunnerWorker.java:96)
at org.testng.TestNG.runSuitesSequentially(TestNG.java:1212)
at org.testng.TestNG.runSuitesLocally(TestNG.java:1134)
at org.testng.TestNG.runSuites(TestNG.java:1063)
at org.testng.TestNG.run(TestNG.java:1031)
at org.testng.remote.AbstractRemoteTestNG.run(AbstractRemoteTestNG.java:115)
at org.testng.remote.RemoteTestNG.initAndRun(RemoteTestNG.java:251)
at org.testng.remote.RemoteTestNG.main(RemoteTestNG.java:77)
]]>
    </error>
  </testcase> <!-- OMSSalesOrdersTest -->
  <system-out/>
  <testcase classname="OMSTest.OMSTest" name="DeliveryDateTest">
    <skipped/>
  </testcase> <!-- DeliveryDateTest -->
  <system-out/>
  <testcase classname="OMSTest.OMSTest" name="OrderEntityAssigneeNamesTest">
    <skipped/>
  </testcase> <!-- OrderEntityAssigneeNamesTest -->
  <system-out/>
  <testcase classname="OMSTest.OMSTest" name="OrderFulfillmentCenterTest">
    <skipped/>
  </testcase> <!-- OrderFulfillmentCenterTest -->
  <system-out/>
  <testcase classname="OMSTest.OMSTest" name="OrderLabelsTest">
    <skipped/>
  </testcase> <!-- OrderLabelsTest -->
  <system-out/>
  <testcase classname="OMSTest.OMSTest" name="OrderTagTest">
    <skipped/>
  </testcase> <!-- OrderTagTest -->
  <system-out/>
  <testcase classname="OMSTest.OMSTest" name="SalesChannelTest">
    <skipped/>
  </testcase> <!-- SalesChannelTest -->
  <system-out/>
  <testcase classname="OMSTest.OMSTest" name="OrderTypeTest">
    <skipped/>
  </testcase> <!-- OrderTypeTest -->
  <system-out/>
  <testcase classname="OMSTest.OMSTest" name="OrderGroupsTest">
    <skipped/>
  </testcase> <!-- OrderGroupsTest -->
  <system-out/>
  <testcase classname="OMSTest.OMSTest" name="OrderStatusTest">
    <skipped/>
  </testcase> <!-- OrderStatusTest -->
  <system-out/>
  <testcase classname="OMSTest.OMSTest" name="DeliveryChannelTest">
    <skipped/>
  </testcase> <!-- DeliveryChannelTest -->
  <system-out/>
  <testcase classname="OMSTest.OMSTest" name="DispatchDateTest">
    <skipped/>
  </testcase> <!-- DispatchDateTest -->
  <system-out/>
  <testcase classname="OMSTest.OMSTest" name="OrderPaymentStatusTest">
    <skipped/>
  </testcase> <!-- OrderPaymentStatusTest -->
  <system-out/>
</testsuite> <!-- OMSTest.OMSTest -->
